  [4;36;1mSQL (46.9ms)[0m   [0;1mSET NAMES 'utf8'[0m
  [4;35;1mSQL (0.0ms)[0m   [0mSET SQL_AUTO_IS_NULL=0[0m
  [4;36;1mSQL (625.0ms)[0m   [0;1mSHOW TABLES[0m
  [4;35;1mSQL (15.6ms)[0m   [0mSELECT version FROM schema_migrations[0m
  [4;36;1mSQL (93.8ms)[0m   [0;1mALTER TABLE `company_political_parties` ADD `sum` float[0m
  [4;35;1mSQL (0.0ms)[0m   [0mINSERT INTO schema_migrations (version) VALUES ('20101009145103')[0m
  [4;36;1mSQL (0.0ms)[0m   [0;1mSHOW TABLES[0m
  [4;35;1mSQL (0.0ms)[0m   [0mSELECT version FROM schema_migrations[0m
  [4;36;1mSQL (15.6ms)[0m   [0;1mSHOW TABLES[0m
  [4;35;1mSQL (62.5ms)[0m   [0mSHOW FIELDS FROM `advantages`[0m
  [4;36;1mSQL (46.9ms)[0m   [0;1mdescribe `advantages`[0m
  [4;35;1mSQL (15.6ms)[0m   [0mSHOW KEYS FROM `advantages`[0m
  [4;36;1mSQL (62.5ms)[0m   [0;1mSHOW FIELDS FROM `advokati`[0m
  [4;35;1mSQL (0.0ms)[0m   [0mdescribe `advokati`[0m
  [4;36;1mSQL (0.0ms)[0m   [0;1mSHOW KEYS FROM `advokati`[0m
  [4;35;1mSQL (62.5ms)[0m   [0mSHOW FIELDS FROM `asistenti_poslancov`[0m
  [4;36;1mSQL (0.0ms)[0m   [0;1mdescribe `asistenti_poslancov`[0m
  [4;35;1mSQL (0.0ms)[0m   [0mSHOW KEYS FROM `asistenti_poslancov`[0m
  [4;36;1mSQL (46.9ms)[0m   [0;1mSHOW FIELDS FROM `auditori`[0m
  [4;35;1mSQL (0.0ms)[0m   [0mdescribe `auditori`[0m
  [4;36;1mSQL (15.6ms)[0m   [0;1mSHOW KEYS FROM `auditori`[0m
  [4;35;1mSQL (0.0ms)[0m   [0mSHOW FIELDS FROM `close_companies`[0m
  [4;36;1mSQL (0.0ms)[0m   [0;1mdescribe `close_companies`[0m
  [4;35;1mSQL (0.0ms)[0m   [0mSHOW KEYS FROM `close_companies`[0m
  [4;36;1mSQL (0.0ms)[0m   [0;1mSHOW FIELDS FROM `companies`[0m
  [4;35;1mSQL (31.2ms)[0m   [0mdescribe `companies`[0m
  [4;36;1mSQL (0.0ms)[0m   [0;1mSHOW KEYS FROM `companies`[0m
  [4;35;1mSQL (15.6ms)[0m   [0mSHOW FIELDS FROM `company_political_parties`[0m
  [4;36;1mSQL (0.0ms)[0m   [0;1mdescribe `company_political_parties`[0m
  [4;35;1mSQL (0.0ms)[0m   [0mSHOW KEYS FROM `company_political_parties`[0m
  [4;36;1mSQL (31.2ms)[0m   [0;1mSHOW FIELDS FROM `danove_ulavy`[0m
  [4;35;1mSQL (0.0ms)[0m   [0mdescribe `danove_ulavy`[0m
  [4;36;1mSQL (0.0ms)[0m   [0;1mSHOW KEYS FROM `danove_ulavy`[0m
  [4;35;1mSQL (31.2ms)[0m   [0mSHOW FIELDS FROM `danovi_dlznici`[0m
  [4;36;1mSQL (0.0ms)[0m   [0;1mdescribe `danovi_dlznici`[0m
  [4;35;1mSQL (0.0ms)[0m   [0mSHOW KEYS FROM `danovi_dlznici`[0m
  [4;36;1mSQL (46.9ms)[0m   [0;1mSHOW FIELDS FROM `dary_statnym_instituciam`[0m
  [4;35;1mSQL (0.0ms)[0m   [0mdescribe `dary_statnym_instituciam`[0m
  [4;36;1mSQL (0.0ms)[0m   [0;1mSHOW KEYS FROM `dary_statnym_instituciam`[0m
  [4;35;1mSQL (62.5ms)[0m   [0mSHOW FIELDS FROM `deblokacie`[0m
  [4;36;1mSQL (0.0ms)[0m   [0;1mdescribe `deblokacie`[0m
  [4;35;1mSQL (0.0ms)[0m   [0mSHOW KEYS FROM `deblokacie`[0m
  [4;36;1mSQL (46.9ms)[0m   [0;1mSHOW FIELDS FROM `dotacie_kultura`[0m
  [4;35;1mSQL (0.0ms)[0m   [0mdescribe `dotacie_kultura`[0m
  [4;36;1mSQL (0.0ms)[0m   [0;1mSHOW KEYS FROM `dotacie_kultura`[0m
  [4;35;1mSQL (62.5ms)[0m   [0mSHOW FIELDS FROM `dotacie_samosprava`[0m
  [4;36;1mSQL (15.6ms)[0m   [0;1mdescribe `dotacie_samosprava`[0m
  [4;35;1mSQL (0.0ms)[0m   [0mSHOW KEYS FROM `dotacie_samosprava`[0m
  [4;36;1mSQL (46.9ms)[0m   [0;1mSHOW FIELDS FROM `dotacie_vystavba`[0m
  [4;35;1mSQL (0.0ms)[0m   [0mdescribe `dotacie_vystavba`[0m
  [4;36;1mSQL (0.0ms)[0m   [0;1mSHOW KEYS FROM `dotacie_vystavba`[0m
  [4;35;1mSQL (31.2ms)[0m   [0mSHOW FIELDS FROM `dve_percenta`[0m
  [4;36;1mSQL (0.0ms)[0m   [0;1mdescribe `dve_percenta`[0m
  [4;35;1mSQL (0.0ms)[0m   [0mSHOW KEYS FROM `dve_percenta`[0m
  [4;36;1mSQL (62.5ms)[0m   [0;1mSHOW FIELDS FROM `eurofondy`[0m
  [4;35;1mSQL (15.6ms)[0m   [0mdescribe `eurofondy`[0m
  [4;36;1mSQL (0.0ms)[0m   [0;1mSHOW KEYS FROM `eurofondy`[0m
  [4;35;1mSQL (62.5ms)[0m   [0mSHOW FIELDS FROM `europolitika`[0m
  [4;36;1mSQL (0.0ms)[0m   [0;1mdescribe `europolitika`[0m
  [4;35;1mSQL (15.6ms)[0m   [0mSHOW KEYS FROM `europolitika`[0m
  [4;36;1mSQL (31.2ms)[0m   [0;1mSHOW FIELDS FROM `funkcionari_stran`[0m
  [4;35;1mSQL (0.0ms)[0m   [0mdescribe `funkcionari_stran`[0m
  [4;36;1mSQL (0.0ms)[0m   [0;1mSHOW KEYS FROM `funkcionari_stran`[0m
  [4;35;1mSQL (62.5ms)[0m   [0mSHOW FIELDS FROM `ine_dotacie`[0m
  [4;36;1mSQL (0.0ms)[0m   [0;1mdescribe `ine_dotacie`[0m
  [4;35;1mSQL (0.0ms)[0m   [0mSHOW KEYS FROM `ine_dotacie`[0m
  [4;36;1mSQL (46.9ms)[0m   [0;1mSHOW FIELDS FROM `justicia_osoby`[0m
  [4;35;1mSQL (0.0ms)[0m   [0mdescribe `justicia_osoby`[0m
  [4;36;1mSQL (0.0ms)[0m   [0;1mSHOW KEYS FROM `justicia_osoby`[0m
  [4;35;1mSQL (46.9ms)[0m   [0mSHOW FIELDS FROM `komisie_pre_dotacie`[0m
  [4;36;1mSQL (0.0ms)[0m   [0;1mdescribe `komisie_pre_dotacie`[0m
  [4;35;1mSQL (15.6ms)[0m   [0mSHOW KEYS FROM `komisie_pre_dotacie`[0m
  [4;36;1mSQL (46.9ms)[0m   [0;1mSHOW FIELDS FROM `konsolidacna`[0m
  [4;35;1mSQL (0.0ms)[0m   [0mdescribe `konsolidacna`[0m
  [4;36;1mSQL (15.6ms)[0m   [0;1mSHOW KEYS FROM `konsolidacna`[0m
  [4;35;1mSQL (46.9ms)[0m   [0mSHOW FIELDS FROM `obcianske_zdruzenia`[0m
  [4;36;1mSQL (0.0ms)[0m   [0;1mdescribe `obcianske_zdruzenia`[0m
  [4;35;1mSQL (15.6ms)[0m   [0mSHOW KEYS FROM `obcianske_zdruzenia`[0m
  [4;36;1mSQL (0.0ms)[0m   [0;1mSHOW FIELDS FROM `odpustene_clo`[0m
  [4;35;1mSQL (0.0ms)[0m   [0mdescribe `odpustene_clo`[0m
  [4;36;1mSQL (15.6ms)[0m   [0;1mSHOW KEYS FROM `odpustene_clo`[0m
  [4;35;1mSQL (31.2ms)[0m   [0mSHOW FIELDS FROM `organisations`[0m
  [4;36;1mSQL (0.0ms)[0m   [0;1mdescribe `organisations`[0m
  [4;35;1mSQL (0.0ms)[0m   [0mSHOW KEYS FROM `organisations`[0m
  [4;36;1mSQL (0.0ms)[0m   [0;1mSHOW FIELDS FROM `political_parties`[0m
  [4;35;1mSQL (0.0ms)[0m   [0mdescribe `political_parties`[0m
  [4;36;1mSQL (15.6ms)[0m   [0;1mSHOW KEYS FROM `political_parties`[0m
  [4;35;1mSQL (31.2ms)[0m   [0mSHOW FIELDS FROM `polnodotacie`[0m
  [4;36;1mSQL (0.0ms)[0m   [0;1mdescribe `polnodotacie`[0m
  [4;35;1mSQL (0.0ms)[0m   [0mSHOW KEYS FROM `polnodotacie`[0m
  [4;36;1mSQL (31.2ms)[0m   [0;1mSHOW FIELDS FROM `polnodotacie_du`[0m
  [4;35;1mSQL (15.6ms)[0m   [0mdescribe `polnodotacie_du`[0m
  [4;36;1mSQL (0.0ms)[0m   [0;1mSHOW KEYS FROM `polnodotacie_du`[0m
  [4;35;1mSQL (46.9ms)[0m   [0mSHOW FIELDS FROM `poradcovia`[0m
  [4;36;1mSQL (0.0ms)[0m   [0;1mdescribe `poradcovia`[0m
  [4;35;1mSQL (0.0ms)[0m   [0mSHOW KEYS FROM `poradcovia`[0m
  [4;36;1mSQL (15.6ms)[0m   [0;1mSHOW FIELDS FROM `pozemkovy_fond`[0m
  [4;35;1mSQL (0.0ms)[0m   [0mdescribe `pozemkovy_fond`[0m
  [4;36;1mSQL (0.0ms)[0m   [0;1mSHOW KEYS FROM `pozemkovy_fond`[0m
  [4;35;1mSQL (31.2ms)[0m   [0mSHOW FIELDS FROM `pozicky_stranam`[0m
  [4;36;1mSQL (0.0ms)[0m   [0;1mdescribe `pozicky_stranam`[0m
  [4;35;1mSQL (0.0ms)[0m   [0mSHOW KEYS FROM `pozicky_stranam`[0m
  [4;36;1mSQL (0.0ms)[0m   [0;1mSHOW FIELDS FROM `privatizacia_predaje`[0m
  [4;35;1mSQL (0.0ms)[0m   [0mdescribe `privatizacia_predaje`[0m
  [4;36;1mSQL (0.0ms)[0m   [0;1mSHOW KEYS FROM `privatizacia_predaje`[0m
  [4;35;1mSQL (0.0ms)[0m   [0mSHOW FIELDS FROM `privatizacia_rozhodnutia`[0m
  [4;36;1mSQL (0.0ms)[0m   [0;1mdescribe `privatizacia_rozhodnutia`[0m
  [4;35;1mSQL (0.0ms)[0m   [0mSHOW KEYS FROM `privatizacia_rozhodnutia`[0m
  [4;36;1mSQL (46.9ms)[0m   [0;1mSHOW FIELDS FROM `procurements`[0m
  [4;35;1mSQL (15.6ms)[0m   [0mdescribe `procurements`[0m
  [4;36;1mSQL (0.0ms)[0m   [0;1mSHOW KEYS FROM `procurements`[0m
  [4;35;1mSQL (62.5ms)[0m   [0mSHOW FIELDS FROM `procurements_2`[0m
  [4;36;1mSQL (0.0ms)[0m   [0;1mdescribe `procurements_2`[0m
  [4;35;1mSQL (0.0ms)[0m   [0mSHOW KEYS FROM `procurements_2`[0m
  [4;36;1mSQL (15.6ms)[0m   [0;1mSHOW FIELDS FROM `sponzori_politikov`[0m
  [4;35;1mSQL (0.0ms)[0m   [0mdescribe `sponzori_politikov`[0m
  [4;36;1mSQL (15.6ms)[0m   [0;1mSHOW KEYS FROM `sponzori_politikov`[0m
  [4;35;1mSQL (0.0ms)[0m   [0mSHOW FIELDS FROM `sponzori_stran`[0m
  [4;36;1mSQL (0.0ms)[0m   [0;1mdescribe `sponzori_stran`[0m
  [4;35;1mSQL (0.0ms)[0m   [0mSHOW KEYS FROM `sponzori_stran`[0m
  [4;36;1mSQL (31.2ms)[0m   [0;1mSHOW FIELDS FROM `statne_podniky`[0m
  [4;35;1mSQL (0.0ms)[0m   [0mdescribe `statne_podniky`[0m
  [4;36;1mSQL (0.0ms)[0m   [0;1mSHOW KEYS FROM `statne_podniky`[0m
  [4;35;1mSQL (15.6ms)[0m   [0mSHOW FIELDS FROM `statni_tajomnici`[0m
  [4;36;1mSQL (0.0ms)[0m   [0;1mdescribe `statni_tajomnici`[0m
  [4;35;1mSQL (0.0ms)[0m   [0mSHOW KEYS FROM `statni_tajomnici`[0m
  [4;36;1mSQL (31.2ms)[0m   [0;1mSHOW FIELDS FROM `stranicke_clenske_prispevky`[0m
  [4;35;1mSQL (0.0ms)[0m   [0mdescribe `stranicke_clenske_prispevky`[0m
  [4;36;1mSQL (15.6ms)[0m   [0;1mSHOW KEYS FROM `stranicke_clenske_prispevky`[0m
  [4;35;1mSQL (31.2ms)[0m   [0mSHOW FIELDS FROM `vedenie_ministerstiev`[0m
  [4;36;1mSQL (0.0ms)[0m   [0;1mdescribe `vedenie_ministerstiev`[0m
  [4;35;1mSQL (15.6ms)[0m   [0mSHOW KEYS FROM `vedenie_ministerstiev`[0m
  [4;36;1mSQL (0.0ms)[0m   [0;1mSHOW FIELDS FROM `vedenie_rozpoctovych_org`[0m
  [4;35;1mSQL (0.0ms)[0m   [0mdescribe `vedenie_rozpoctovych_org`[0m
  [4;36;1mSQL (0.0ms)[0m   [0;1mSHOW KEYS FROM `vedenie_rozpoctovych_org`[0m
  [4;35;1mSQL (31.2ms)[0m   [0mSHOW FIELDS FROM `vedenie_uradov`[0m
  [4;36;1mSQL (0.0ms)[0m   [0;1mdescribe `vedenie_uradov`[0m
  [4;35;1mSQL (0.0ms)[0m   [0mSHOW KEYS FROM `vedenie_uradov`[0m
  [4;36;1mSQL (31.2ms)[0m   [0;1mSHOW FIELDS FROM `velvyslanci`[0m
  [4;35;1mSQL (0.0ms)[0m   [0mdescribe `velvyslanci`[0m
  [4;36;1mSQL (0.0ms)[0m   [0;1mSHOW KEYS FROM `velvyslanci`[0m
  [4;35;1mSQL (15.6ms)[0m   [0mSHOW FIELDS FROM `verejne_obstaravania_mib`[0m
  [4;36;1mSQL (0.0ms)[0m   [0;1mdescribe `verejne_obstaravania_mib`[0m
  [4;35;1mSQL (0.0ms)[0m   [0mSHOW KEYS FROM `verejne_obstaravania_mib`[0m
  [4;36;1mSQL (0.0ms)[0m   [0;1mSHOW FIELDS FROM `vlady_sr`[0m
  [4;35;1mSQL (0.0ms)[0m   [0mdescribe `vlady_sr`[0m
  [4;36;1mSQL (15.6ms)[0m   [0;1mSHOW KEYS FROM `vlady_sr`[0m
  [4;35;1mSQL (0.0ms)[0m   [0mSHOW FIELDS FROM `volebni_kandidati`[0m
  [4;36;1mSQL (0.0ms)[0m   [0;1mdescribe `volebni_kandidati`[0m
  [4;35;1mSQL (15.6ms)[0m   [0mSHOW KEYS FROM `volebni_kandidati`[0m
  [4;36;1mSQL (0.0ms)[0m   [0;1mSHOW FIELDS FROM `volene_funkcie`[0m
  [4;35;1mSQL (0.0ms)[0m   [0mdescribe `volene_funkcie`[0m
  [4;36;1mSQL (15.6ms)[0m   [0;1mSHOW KEYS FROM `volene_funkcie`[0m
